*** Vertices:
Vertex pop_1, size: 1, model: AbstractPopulationVertex
    Constraints:
        MaxVertexAtomsConstraint(size=100)
    Outgoing Edge Partitions:

Vertex pop_1, size: 1, model: AbstractPopulationVertex
    Constraints:
        MaxVertexAtomsConstraint(size=100)
    Outgoing Edge Partitions:

Vertex pop_1, size: 1, model: AbstractPopulationVertex
    Constraints:
        MaxVertexAtomsConstraint(size=100)
    Outgoing Edge Partitions:

Vertex input, size: 1, model: SpikeSourceArrayVertex
    Constraints:
        MaxVertexAtomsConstraint(size=9223372036854775807)
    Outgoing Edge Partitions:

Vertex pop_1, size: 1, model: AbstractPopulationVertex
    Constraints:
        MaxVertexAtomsConstraint(size=100)
    Outgoing Edge Partitions:

Vertex input, size: 1, model: SpikeSourceArrayVertex
    Constraints:
        MaxVertexAtomsConstraint(size=9223372036854775807)
    Outgoing Edge Partitions:
    Partition SPIKE:
        Edge: projection edge 0, From input to pop_1, model: ProjectionApplicationEdge

Vertex pop_1, size: 1, model: AbstractPopulationVertex
    Constraints:
        MaxVertexAtomsConstraint(size=100)
    Outgoing Edge Partitions:

Vertex input, size: 1, model: SpikeSourceArrayVertex
    Constraints:
        MaxVertexAtomsConstraint(size=9223372036854775807)
    Outgoing Edge Partitions:
    Partition SPIKE:
        Edge: projection edge 1, From input to pop_1, model: ProjectionApplicationEdge

