        Placement Information by Vertex
        ===============================

Generated: Fri May 17 13:51:24 2019 for target machine '10.11.193.81'

**** Vertex: 'Input'
Model: SpikeSourcePoissonVertex
Pop size: 1
Machine Vertices: 
  Slice 0:0 (1 atoms) on core (0, 0, 4) 

**** Vertex: 'pop_1'
Model: AbstractPopulationVertex
Pop size: 1
Machine Vertices: 
  Slice 0:0 (1 atoms) on core (0, 0, 3) 

**** Vertex: 'multicast speed up application vertex for 0, 0'
Model: DataSpeedUpPacketGather
Pop size: 1
Machine Vertices: 
  Slice 0:0 (1 atoms) on core (0, 0, 1) 

**** Vertex: 'ExtraMonitorSupport'
Model: ExtraMonitorSupport
Pop size: 1
Machine Vertices: 
  Slice 0:0 (1 atoms) on core (0, 0, 2) 

**** Vertex: 'ExtraMonitorSupport'
Model: ExtraMonitorSupport
Pop size: 1
Machine Vertices: 
  Slice 0:0 (1 atoms) on core (0, 1, 1) 

**** Vertex: 'ExtraMonitorSupport'
Model: ExtraMonitorSupport
Pop size: 1
Machine Vertices: 
  Slice 0:0 (1 atoms) on core (0, 2, 1) 

**** Vertex: 'ExtraMonitorSupport'
Model: ExtraMonitorSupport
Pop size: 1
Machine Vertices: 
  Slice 0:0 (1 atoms) on core (0, 3, 1) 

**** Vertex: 'ExtraMonitorSupport'
Model: ExtraMonitorSupport
Pop size: 1
Machine Vertices: 
  Slice 0:0 (1 atoms) on core (1, 0, 1) 

**** Vertex: 'ExtraMonitorSupport'
Model: ExtraMonitorSupport
Pop size: 1
Machine Vertices: 
  Slice 0:0 (1 atoms) on core (1, 1, 1) 

**** Vertex: 'ExtraMonitorSupport'
Model: ExtraMonitorSupport
Pop size: 1
Machine Vertices: 
  Slice 0:0 (1 atoms) on core (1, 2, 1) 

**** Vertex: 'ExtraMonitorSupport'
Model: ExtraMonitorSupport
Pop size: 1
Machine Vertices: 
  Slice 0:0 (1 atoms) on core (1, 3, 1) 

**** Vertex: 'ExtraMonitorSupport'
Model: ExtraMonitorSupport
Pop size: 1
Machine Vertices: 
  Slice 0:0 (1 atoms) on core (1, 4, 1) 

**** Vertex: 'ExtraMonitorSupport'
Model: ExtraMonitorSupport
Pop size: 1
Machine Vertices: 
  Slice 0:0 (1 atoms) on core (2, 0, 1) 

**** Vertex: 'ExtraMonitorSupport'
Model: ExtraMonitorSupport
Pop size: 1
Machine Vertices: 
  Slice 0:0 (1 atoms) on core (2, 1, 1) 

**** Vertex: 'ExtraMonitorSupport'
Model: ExtraMonitorSupport
Pop size: 1
Machine Vertices: 
  Slice 0:0 (1 atoms) on core (2, 2, 1) 

**** Vertex: 'ExtraMonitorSupport'
Model: ExtraMonitorSupport
Pop size: 1
Machine Vertices: 
  Slice 0:0 (1 atoms) on core (2, 3, 1) 

**** Vertex: 'ExtraMonitorSupport'
Model: ExtraMonitorSupport
Pop size: 1
Machine Vertices: 
  Slice 0:0 (1 atoms) on core (2, 4, 1) 

**** Vertex: 'ExtraMonitorSupport'
Model: ExtraMonitorSupport
Pop size: 1
Machine Vertices: 
  Slice 0:0 (1 atoms) on core (2, 5, 1) 

**** Vertex: 'ExtraMonitorSupport'
Model: ExtraMonitorSupport
Pop size: 1
Machine Vertices: 
  Slice 0:0 (1 atoms) on core (3, 0, 1) 

**** Vertex: 'ExtraMonitorSupport'
Model: ExtraMonitorSupport
Pop size: 1
Machine Vertices: 
  Slice 0:0 (1 atoms) on core (3, 1, 1) 

**** Vertex: 'ExtraMonitorSupport'
Model: ExtraMonitorSupport
Pop size: 1
Machine Vertices: 
  Slice 0:0 (1 atoms) on core (3, 2, 1) 

**** Vertex: 'ExtraMonitorSupport'
Model: ExtraMonitorSupport
Pop size: 1
Machine Vertices: 
  Slice 0:0 (1 atoms) on core (3, 3, 1) 

**** Vertex: 'ExtraMonitorSupport'
Model: ExtraMonitorSupport
Pop size: 1
Machine Vertices: 
  Slice 0:0 (1 atoms) on core (3, 4, 1) 

**** Vertex: 'ExtraMonitorSupport'
Model: ExtraMonitorSupport
Pop size: 1
Machine Vertices: 
  Slice 0:0 (1 atoms) on core (3, 5, 1) 

**** Vertex: 'ExtraMonitorSupport'
Model: ExtraMonitorSupport
Pop size: 1
Machine Vertices: 
  Slice 0:0 (1 atoms) on core (3, 6, 1) 

**** Vertex: 'ExtraMonitorSupport'
Model: ExtraMonitorSupport
Pop size: 1
Machine Vertices: 
  Slice 0:0 (1 atoms) on core (4, 0, 1) 

**** Vertex: 'ExtraMonitorSupport'
Model: ExtraMonitorSupport
Pop size: 1
Machine Vertices: 
  Slice 0:0 (1 atoms) on core (4, 1, 1) 

**** Vertex: 'ExtraMonitorSupport'
Model: ExtraMonitorSupport
Pop size: 1
Machine Vertices: 
  Slice 0:0 (1 atoms) on core (4, 2, 1) 

**** Vertex: 'ExtraMonitorSupport'
Model: ExtraMonitorSupport
Pop size: 1
Machine Vertices: 
  Slice 0:0 (1 atoms) on core (4, 3, 1) 

**** Vertex: 'ExtraMonitorSupport'
Model: ExtraMonitorSupport
Pop size: 1
Machine Vertices: 
  Slice 0:0 (1 atoms) on core (4, 4, 1) 

**** Vertex: 'ExtraMonitorSupport'
Model: ExtraMonitorSupport
Pop size: 1
Machine Vertices: 
  Slice 0:0 (1 atoms) on core (4, 5, 1) 

**** Vertex: 'ExtraMonitorSupport'
Model: ExtraMonitorSupport
Pop size: 1
Machine Vertices: 
  Slice 0:0 (1 atoms) on core (4, 6, 1) 

**** Vertex: 'ExtraMonitorSupport'
Model: ExtraMonitorSupport
Pop size: 1
Machine Vertices: 
  Slice 0:0 (1 atoms) on core (4, 7, 1) 

**** Vertex: 'ExtraMonitorSupport'
Model: ExtraMonitorSupport
Pop size: 1
Machine Vertices: 
  Slice 0:0 (1 atoms) on core (5, 1, 1) 

**** Vertex: 'ExtraMonitorSupport'
Model: ExtraMonitorSupport
Pop size: 1
Machine Vertices: 
  Slice 0:0 (1 atoms) on core (5, 2, 1) 

**** Vertex: 'ExtraMonitorSupport'
Model: ExtraMonitorSupport
Pop size: 1
Machine Vertices: 
  Slice 0:0 (1 atoms) on core (5, 3, 1) 

**** Vertex: 'ExtraMonitorSupport'
Model: ExtraMonitorSupport
Pop size: 1
Machine Vertices: 
  Slice 0:0 (1 atoms) on core (5, 4, 1) 

**** Vertex: 'ExtraMonitorSupport'
Model: ExtraMonitorSupport
Pop size: 1
Machine Vertices: 
  Slice 0:0 (1 atoms) on core (5, 5, 1) 

**** Vertex: 'ExtraMonitorSupport'
Model: ExtraMonitorSupport
Pop size: 1
Machine Vertices: 
  Slice 0:0 (1 atoms) on core (5, 6, 1) 

**** Vertex: 'ExtraMonitorSupport'
Model: ExtraMonitorSupport
Pop size: 1
Machine Vertices: 
  Slice 0:0 (1 atoms) on core (5, 7, 1) 

**** Vertex: 'ExtraMonitorSupport'
Model: ExtraMonitorSupport
Pop size: 1
Machine Vertices: 
  Slice 0:0 (1 atoms) on core (6, 2, 1) 

**** Vertex: 'ExtraMonitorSupport'
Model: ExtraMonitorSupport
Pop size: 1
Machine Vertices: 
  Slice 0:0 (1 atoms) on core (6, 3, 1) 

**** Vertex: 'ExtraMonitorSupport'
Model: ExtraMonitorSupport
Pop size: 1
Machine Vertices: 
  Slice 0:0 (1 atoms) on core (6, 4, 1) 

**** Vertex: 'ExtraMonitorSupport'
Model: ExtraMonitorSupport
Pop size: 1
Machine Vertices: 
  Slice 0:0 (1 atoms) on core (6, 5, 1) 

**** Vertex: 'ExtraMonitorSupport'
Model: ExtraMonitorSupport
Pop size: 1
Machine Vertices: 
  Slice 0:0 (1 atoms) on core (6, 6, 1) 

**** Vertex: 'ExtraMonitorSupport'
Model: ExtraMonitorSupport
Pop size: 1
Machine Vertices: 
  Slice 0:0 (1 atoms) on core (6, 7, 1) 

**** Vertex: 'ExtraMonitorSupport'
Model: ExtraMonitorSupport
Pop size: 1
Machine Vertices: 
  Slice 0:0 (1 atoms) on core (7, 3, 1) 

**** Vertex: 'ExtraMonitorSupport'
Model: ExtraMonitorSupport
Pop size: 1
Machine Vertices: 
  Slice 0:0 (1 atoms) on core (7, 4, 1) 

**** Vertex: 'ExtraMonitorSupport'
Model: ExtraMonitorSupport
Pop size: 1
Machine Vertices: 
  Slice 0:0 (1 atoms) on core (7, 5, 1) 

**** Vertex: 'ExtraMonitorSupport'
Model: ExtraMonitorSupport
Pop size: 1
Machine Vertices: 
  Slice 0:0 (1 atoms) on core (7, 6, 1) 

**** Vertex: 'ExtraMonitorSupport'
Model: ExtraMonitorSupport
Pop size: 1
Machine Vertices: 
  Slice 0:0 (1 atoms) on core (7, 7, 1) 

