        Placement Information by Core
        =============================

Generated: Fri May 17 16:15:40 2019 for target machine '10.11.213.81'

**** Chip: (0, 0)
Application cores: 17
  Processor 1: Vertex: 'multicast speed up application vertex for 0, 0', pop size: 1
              Slice on this core: 0:0 (1 atoms)
              Model: DataSpeedUpPacketGather

  Processor 2: Vertex: 'ExtraMonitorSupport', pop size: 1
              Slice on this core: 0:0 (1 atoms)
              Model: ExtraMonitorSupport

  Processor 3: Vertex: 'Input', pop size: 1
              Slice on this core: 0:0 (1 atoms)
              Model: SpikeSourcePoissonVertex

  Processor 4: Vertex: 'pop_1', pop size: 1
              Slice on this core: 0:0 (1 atoms)
              Model: AbstractPopulationVertex

**** Chip: (0, 1)
Application cores: 17
  Processor 1: Vertex: 'ExtraMonitorSupport', pop size: 1
              Slice on this core: 0:0 (1 atoms)
              Model: ExtraMonitorSupport

**** Chip: (0, 2)
Application cores: 17
  Processor 1: Vertex: 'ExtraMonitorSupport', pop size: 1
              Slice on this core: 0:0 (1 atoms)
              Model: ExtraMonitorSupport

**** Chip: (0, 3)
Application cores: 17
  Processor 1: Vertex: 'ExtraMonitorSupport', pop size: 1
              Slice on this core: 0:0 (1 atoms)
              Model: ExtraMonitorSupport

**** Chip: (1, 0)
Application cores: 17
  Processor 1: Vertex: 'ExtraMonitorSupport', pop size: 1
              Slice on this core: 0:0 (1 atoms)
              Model: ExtraMonitorSupport

**** Chip: (1, 1)
Application cores: 17
  Processor 1: Vertex: 'ExtraMonitorSupport', pop size: 1
              Slice on this core: 0:0 (1 atoms)
              Model: ExtraMonitorSupport

**** Chip: (1, 2)
Application cores: 17
  Processor 1: Vertex: 'ExtraMonitorSupport', pop size: 1
              Slice on this core: 0:0 (1 atoms)
              Model: ExtraMonitorSupport

**** Chip: (1, 3)
Application cores: 17
  Processor 1: Vertex: 'ExtraMonitorSupport', pop size: 1
              Slice on this core: 0:0 (1 atoms)
              Model: ExtraMonitorSupport

**** Chip: (1, 4)
Application cores: 17
  Processor 1: Vertex: 'ExtraMonitorSupport', pop size: 1
              Slice on this core: 0:0 (1 atoms)
              Model: ExtraMonitorSupport

**** Chip: (2, 0)
Application cores: 17
  Processor 1: Vertex: 'ExtraMonitorSupport', pop size: 1
              Slice on this core: 0:0 (1 atoms)
              Model: ExtraMonitorSupport

**** Chip: (2, 1)
Application cores: 17
  Processor 1: Vertex: 'ExtraMonitorSupport', pop size: 1
              Slice on this core: 0:0 (1 atoms)
              Model: ExtraMonitorSupport

**** Chip: (2, 2)
Application cores: 17
  Processor 1: Vertex: 'ExtraMonitorSupport', pop size: 1
              Slice on this core: 0:0 (1 atoms)
              Model: ExtraMonitorSupport

**** Chip: (2, 3)
Application cores: 17
  Processor 1: Vertex: 'ExtraMonitorSupport', pop size: 1
              Slice on this core: 0:0 (1 atoms)
              Model: ExtraMonitorSupport

**** Chip: (2, 4)
Application cores: 17
  Processor 1: Vertex: 'ExtraMonitorSupport', pop size: 1
              Slice on this core: 0:0 (1 atoms)
              Model: ExtraMonitorSupport

**** Chip: (2, 5)
Application cores: 17
  Processor 1: Vertex: 'ExtraMonitorSupport', pop size: 1
              Slice on this core: 0:0 (1 atoms)
              Model: ExtraMonitorSupport

**** Chip: (3, 0)
Application cores: 17
  Processor 1: Vertex: 'ExtraMonitorSupport', pop size: 1
              Slice on this core: 0:0 (1 atoms)
              Model: ExtraMonitorSupport

**** Chip: (3, 1)
Application cores: 17
  Processor 1: Vertex: 'ExtraMonitorSupport', pop size: 1
              Slice on this core: 0:0 (1 atoms)
              Model: ExtraMonitorSupport

**** Chip: (3, 2)
Application cores: 17
  Processor 1: Vertex: 'ExtraMonitorSupport', pop size: 1
              Slice on this core: 0:0 (1 atoms)
              Model: ExtraMonitorSupport

**** Chip: (3, 3)
Application cores: 16
  Processor 1: Vertex: 'ExtraMonitorSupport', pop size: 1
              Slice on this core: 0:0 (1 atoms)
              Model: ExtraMonitorSupport

**** Chip: (3, 4)
Application cores: 17
  Processor 1: Vertex: 'ExtraMonitorSupport', pop size: 1
              Slice on this core: 0:0 (1 atoms)
              Model: ExtraMonitorSupport

**** Chip: (3, 5)
Application cores: 16
  Processor 1: Vertex: 'ExtraMonitorSupport', pop size: 1
              Slice on this core: 0:0 (1 atoms)
              Model: ExtraMonitorSupport

**** Chip: (3, 6)
Application cores: 17
  Processor 1: Vertex: 'ExtraMonitorSupport', pop size: 1
              Slice on this core: 0:0 (1 atoms)
              Model: ExtraMonitorSupport

**** Chip: (4, 0)
Application cores: 17
  Processor 1: Vertex: 'ExtraMonitorSupport', pop size: 1
              Slice on this core: 0:0 (1 atoms)
              Model: ExtraMonitorSupport

**** Chip: (4, 1)
Application cores: 17
  Processor 1: Vertex: 'ExtraMonitorSupport', pop size: 1
              Slice on this core: 0:0 (1 atoms)
              Model: ExtraMonitorSupport

**** Chip: (4, 2)
Application cores: 17
  Processor 1: Vertex: 'ExtraMonitorSupport', pop size: 1
              Slice on this core: 0:0 (1 atoms)
              Model: ExtraMonitorSupport

**** Chip: (4, 3)
Application cores: 17
  Processor 1: Vertex: 'ExtraMonitorSupport', pop size: 1
              Slice on this core: 0:0 (1 atoms)
              Model: ExtraMonitorSupport

**** Chip: (4, 4)
Application cores: 17
  Processor 1: Vertex: 'ExtraMonitorSupport', pop size: 1
              Slice on this core: 0:0 (1 atoms)
              Model: ExtraMonitorSupport

**** Chip: (4, 5)
Application cores: 17
  Processor 1: Vertex: 'ExtraMonitorSupport', pop size: 1
              Slice on this core: 0:0 (1 atoms)
              Model: ExtraMonitorSupport

**** Chip: (4, 6)
Application cores: 17
  Processor 1: Vertex: 'ExtraMonitorSupport', pop size: 1
              Slice on this core: 0:0 (1 atoms)
              Model: ExtraMonitorSupport

**** Chip: (4, 7)
Application cores: 17
  Processor 1: Vertex: 'ExtraMonitorSupport', pop size: 1
              Slice on this core: 0:0 (1 atoms)
              Model: ExtraMonitorSupport

**** Chip: (5, 1)
Application cores: 17
  Processor 1: Vertex: 'ExtraMonitorSupport', pop size: 1
              Slice on this core: 0:0 (1 atoms)
              Model: ExtraMonitorSupport

**** Chip: (5, 2)
Application cores: 17
  Processor 1: Vertex: 'ExtraMonitorSupport', pop size: 1
              Slice on this core: 0:0 (1 atoms)
              Model: ExtraMonitorSupport

**** Chip: (5, 3)
Application cores: 17
  Processor 1: Vertex: 'ExtraMonitorSupport', pop size: 1
              Slice on this core: 0:0 (1 atoms)
              Model: ExtraMonitorSupport

**** Chip: (5, 4)
Application cores: 17
  Processor 1: Vertex: 'ExtraMonitorSupport', pop size: 1
              Slice on this core: 0:0 (1 atoms)
              Model: ExtraMonitorSupport

**** Chip: (5, 5)
Application cores: 17
  Processor 1: Vertex: 'ExtraMonitorSupport', pop size: 1
              Slice on this core: 0:0 (1 atoms)
              Model: ExtraMonitorSupport

**** Chip: (5, 6)
Application cores: 17
  Processor 1: Vertex: 'ExtraMonitorSupport', pop size: 1
              Slice on this core: 0:0 (1 atoms)
              Model: ExtraMonitorSupport

**** Chip: (5, 7)
Application cores: 17
  Processor 1: Vertex: 'ExtraMonitorSupport', pop size: 1
              Slice on this core: 0:0 (1 atoms)
              Model: ExtraMonitorSupport

**** Chip: (6, 2)
Application cores: 17
  Processor 1: Vertex: 'ExtraMonitorSupport', pop size: 1
              Slice on this core: 0:0 (1 atoms)
              Model: ExtraMonitorSupport

**** Chip: (6, 3)
Application cores: 17
  Processor 1: Vertex: 'ExtraMonitorSupport', pop size: 1
              Slice on this core: 0:0 (1 atoms)
              Model: ExtraMonitorSupport

**** Chip: (6, 4)
Application cores: 17
  Processor 1: Vertex: 'ExtraMonitorSupport', pop size: 1
              Slice on this core: 0:0 (1 atoms)
              Model: ExtraMonitorSupport

**** Chip: (6, 5)
Application cores: 17
  Processor 1: Vertex: 'ExtraMonitorSupport', pop size: 1
              Slice on this core: 0:0 (1 atoms)
              Model: ExtraMonitorSupport

**** Chip: (6, 6)
Application cores: 17
  Processor 1: Vertex: 'ExtraMonitorSupport', pop size: 1
              Slice on this core: 0:0 (1 atoms)
              Model: ExtraMonitorSupport

**** Chip: (6, 7)
Application cores: 17
  Processor 1: Vertex: 'ExtraMonitorSupport', pop size: 1
              Slice on this core: 0:0 (1 atoms)
              Model: ExtraMonitorSupport

**** Chip: (7, 3)
Application cores: 17
  Processor 1: Vertex: 'ExtraMonitorSupport', pop size: 1
              Slice on this core: 0:0 (1 atoms)
              Model: ExtraMonitorSupport

**** Chip: (7, 4)
Application cores: 17
  Processor 1: Vertex: 'ExtraMonitorSupport', pop size: 1
              Slice on this core: 0:0 (1 atoms)
              Model: ExtraMonitorSupport

**** Chip: (7, 5)
Application cores: 17
  Processor 1: Vertex: 'ExtraMonitorSupport', pop size: 1
              Slice on this core: 0:0 (1 atoms)
              Model: ExtraMonitorSupport

**** Chip: (7, 6)
Application cores: 17
  Processor 1: Vertex: 'ExtraMonitorSupport', pop size: 1
              Slice on this core: 0:0 (1 atoms)
              Model: ExtraMonitorSupport

**** Chip: (7, 7)
Application cores: 17
  Processor 1: Vertex: 'ExtraMonitorSupport', pop size: 1
              Slice on this core: 0:0 (1 atoms)
              Model: ExtraMonitorSupport

