        Memory Usage by Core
        ====================

Generated: Fri May 17 14:44:02 2019 for target machine '10.11.196.137'

SDRAM reqs for core (0,0,2) is 460 KB
SDRAM reqs for core (0,1,1) is 460 KB
SDRAM reqs for core (0,2,1) is 460 KB
SDRAM reqs for core (0,3,1) is 460 KB
SDRAM reqs for core (1,0,1) is 460 KB
SDRAM reqs for core (1,1,1) is 460 KB
SDRAM reqs for core (1,2,1) is 460 KB
SDRAM reqs for core (1,3,1) is 460 KB
SDRAM reqs for core (1,4,1) is 460 KB
SDRAM reqs for core (2,0,1) is 460 KB
SDRAM reqs for core (2,1,1) is 460 KB
SDRAM reqs for core (2,2,1) is 460 KB
SDRAM reqs for core (2,3,1) is 460 KB
SDRAM reqs for core (2,4,1) is 460 KB
SDRAM reqs for core (2,5,1) is 460 KB
SDRAM reqs for core (3,0,1) is 460 KB
SDRAM reqs for core (3,1,1) is 460 KB
SDRAM reqs for core (3,2,1) is 460 KB
SDRAM reqs for core (3,3,1) is 460 KB
SDRAM reqs for core (3,4,1) is 460 KB
SDRAM reqs for core (3,5,1) is 460 KB
SDRAM reqs for core (3,6,1) is 460 KB
SDRAM reqs for core (4,0,1) is 460 KB
SDRAM reqs for core (4,1,1) is 460 KB
SDRAM reqs for core (4,2,1) is 460 KB
SDRAM reqs for core (4,3,1) is 460 KB
SDRAM reqs for core (4,4,1) is 460 KB
SDRAM reqs for core (4,5,1) is 460 KB
SDRAM reqs for core (4,6,1) is 460 KB
SDRAM reqs for core (4,7,1) is 460 KB
SDRAM reqs for core (5,1,1) is 460 KB
SDRAM reqs for core (5,2,1) is 460 KB
SDRAM reqs for core (5,3,1) is 460 KB
SDRAM reqs for core (5,4,1) is 460 KB
SDRAM reqs for core (5,5,1) is 460 KB
SDRAM reqs for core (5,6,1) is 460 KB
SDRAM reqs for core (5,7,1) is 460 KB
SDRAM reqs for core (6,2,1) is 460 KB
SDRAM reqs for core (6,3,1) is 460 KB
SDRAM reqs for core (6,4,1) is 460 KB
SDRAM reqs for core (6,5,1) is 460 KB
SDRAM reqs for core (6,6,1) is 460 KB
SDRAM reqs for core (6,7,1) is 460 KB
SDRAM reqs for core (7,3,1) is 460 KB
SDRAM reqs for core (7,4,1) is 460 KB
SDRAM reqs for core (7,5,1) is 460 KB
SDRAM reqs for core (7,6,1) is 460 KB
SDRAM reqs for core (7,7,1) is 460 KB
SDRAM reqs for core (0,0,4) is 1024 KB
SDRAM reqs for core (0,0,1) is 0 KB
SDRAM reqs for core (0,0,3) is 1563 KB
**** Chip: (0, 0) has total memory usage of 3047 KB (3120603 bytes) out of a max of 120575 KB (123469792 bytes)

**** Chip: (0, 1) has total memory usage of 460 KB (471072 bytes) out of a max of 120575 KB (123469792 bytes)

**** Chip: (0, 2) has total memory usage of 460 KB (471072 bytes) out of a max of 120575 KB (123469792 bytes)

**** Chip: (0, 3) has total memory usage of 460 KB (471072 bytes) out of a max of 120575 KB (123469792 bytes)

**** Chip: (1, 0) has total memory usage of 460 KB (471072 bytes) out of a max of 120575 KB (123469792 bytes)

**** Chip: (1, 1) has total memory usage of 460 KB (471072 bytes) out of a max of 120575 KB (123469792 bytes)

**** Chip: (1, 2) has total memory usage of 460 KB (471072 bytes) out of a max of 120575 KB (123469792 bytes)

**** Chip: (1, 3) has total memory usage of 460 KB (471072 bytes) out of a max of 120575 KB (123469792 bytes)

**** Chip: (1, 4) has total memory usage of 460 KB (471072 bytes) out of a max of 120575 KB (123469792 bytes)

**** Chip: (2, 0) has total memory usage of 460 KB (471072 bytes) out of a max of 120575 KB (123469792 bytes)

**** Chip: (2, 1) has total memory usage of 460 KB (471072 bytes) out of a max of 120575 KB (123469792 bytes)

**** Chip: (2, 2) has total memory usage of 460 KB (471072 bytes) out of a max of 120575 KB (123469792 bytes)

**** Chip: (2, 3) has total memory usage of 460 KB (471072 bytes) out of a max of 120575 KB (123469792 bytes)

**** Chip: (2, 4) has total memory usage of 460 KB (471072 bytes) out of a max of 120575 KB (123469792 bytes)

**** Chip: (2, 5) has total memory usage of 460 KB (471072 bytes) out of a max of 120575 KB (123469792 bytes)

**** Chip: (3, 0) has total memory usage of 460 KB (471072 bytes) out of a max of 120575 KB (123469792 bytes)

**** Chip: (3, 1) has total memory usage of 460 KB (471072 bytes) out of a max of 120575 KB (123469792 bytes)

**** Chip: (3, 2) has total memory usage of 460 KB (471072 bytes) out of a max of 120575 KB (123469792 bytes)

**** Chip: (3, 3) has total memory usage of 460 KB (471072 bytes) out of a max of 120575 KB (123469792 bytes)

**** Chip: (3, 4) has total memory usage of 460 KB (471072 bytes) out of a max of 120575 KB (123469792 bytes)

**** Chip: (3, 5) has total memory usage of 460 KB (471072 bytes) out of a max of 120575 KB (123469792 bytes)

**** Chip: (3, 6) has total memory usage of 460 KB (471072 bytes) out of a max of 120575 KB (123469792 bytes)

**** Chip: (4, 0) has total memory usage of 460 KB (471072 bytes) out of a max of 120575 KB (123469792 bytes)

**** Chip: (4, 1) has total memory usage of 460 KB (471072 bytes) out of a max of 120575 KB (123469792 bytes)

**** Chip: (4, 2) has total memory usage of 460 KB (471072 bytes) out of a max of 120575 KB (123469792 bytes)

**** Chip: (4, 3) has total memory usage of 460 KB (471072 bytes) out of a max of 120575 KB (123469792 bytes)

**** Chip: (4, 4) has total memory usage of 460 KB (471072 bytes) out of a max of 120575 KB (123469792 bytes)

**** Chip: (4, 5) has total memory usage of 460 KB (471072 bytes) out of a max of 120575 KB (123469792 bytes)

**** Chip: (4, 6) has total memory usage of 460 KB (471072 bytes) out of a max of 120575 KB (123469792 bytes)

**** Chip: (4, 7) has total memory usage of 460 KB (471072 bytes) out of a max of 120575 KB (123469792 bytes)

**** Chip: (5, 1) has total memory usage of 460 KB (471072 bytes) out of a max of 120575 KB (123469792 bytes)

**** Chip: (5, 2) has total memory usage of 460 KB (471072 bytes) out of a max of 120575 KB (123469792 bytes)

**** Chip: (5, 3) has total memory usage of 460 KB (471072 bytes) out of a max of 120575 KB (123469792 bytes)

**** Chip: (5, 4) has total memory usage of 460 KB (471072 bytes) out of a max of 120575 KB (123469792 bytes)

**** Chip: (5, 5) has total memory usage of 460 KB (471072 bytes) out of a max of 120575 KB (123469792 bytes)

**** Chip: (5, 6) has total memory usage of 460 KB (471072 bytes) out of a max of 120575 KB (123469792 bytes)

**** Chip: (5, 7) has total memory usage of 460 KB (471072 bytes) out of a max of 120575 KB (123469792 bytes)

**** Chip: (6, 2) has total memory usage of 460 KB (471072 bytes) out of a max of 120575 KB (123469792 bytes)

**** Chip: (6, 3) has total memory usage of 460 KB (471072 bytes) out of a max of 120575 KB (123469792 bytes)

**** Chip: (6, 4) has total memory usage of 460 KB (471072 bytes) out of a max of 120575 KB (123469792 bytes)

**** Chip: (6, 5) has total memory usage of 460 KB (471072 bytes) out of a max of 120575 KB (123469792 bytes)

**** Chip: (6, 6) has total memory usage of 460 KB (471072 bytes) out of a max of 120575 KB (123469792 bytes)

**** Chip: (6, 7) has total memory usage of 460 KB (471072 bytes) out of a max of 120575 KB (123469792 bytes)

**** Chip: (7, 3) has total memory usage of 460 KB (471072 bytes) out of a max of 120575 KB (123469792 bytes)

**** Chip: (7, 4) has total memory usage of 460 KB (471072 bytes) out of a max of 120575 KB (123469792 bytes)

**** Chip: (7, 5) has total memory usage of 460 KB (471072 bytes) out of a max of 120575 KB (123469792 bytes)

**** Chip: (7, 6) has total memory usage of 460 KB (471072 bytes) out of a max of 120575 KB (123469792 bytes)

**** Chip: (7, 7) has total memory usage of 460 KB (471072 bytes) out of a max of 120575 KB (123469792 bytes)

